<?xml version="1.0" encoding="UTF-8"?>
<coverage generated="1678286121267" clover="3.2.0">
  <project timestamp="1678286121267" name="All files">
    <metrics statements="2" coveredstatements="1" conditionals="2" coveredconditionals="0" methods="2" coveredmethods="1" elements="6" coveredelements="2" complexity="0" loc="2" ncloc="2" packages="1" files="1" classes="1"/>
    <file name="index.js" path="/Users/toddalbert/bocacode-c9/nodejs-testing/index.js">
      <metrics statements="2" coveredstatements="1" conditionals="2" coveredconditionals="0" methods="2" coveredmethods="1"/>
      <line num="2" count="3" type="stmt"/>
      <line num="6" count="0" type="cond" truecount="0" falsecount="2"/>
    </file>
  </project>
</coverage>
