{"/Users/toddalbert/bocacode-c9/nodejs-testing/index.js": {"path":"/Users/toddalbert/bocacode-c9/nodejs-testing/index.js","statementMap":{"0":{"start":{"line":2,"column":2},"end":{"line":2,"column":48}},"1":{"start":{"line":6,"column":2},"end":{"line":6,"column":49}}},"fnMap":{"0":{"name":"calculateSalesTax","decl":{"start":{"line":1,"column":16},"end":{"line":1,"column":33}},"loc":{"start":{"line":1,"column":53},"end":{"line":3,"column":1}},"line":1},"1":{"name":"factorial","decl":{"start":{"line":5,"column":16},"end":{"line":5,"column":25}},"loc":{"start":{"line":5,"column":31},"end":{"line":7,"column":1}},"line":5}},"branchMap":{"0":{"loc":{"start":{"line":6,"column":9},"end":{"line":6,"column":49}},"type":"cond-expr","locations":[{"start":{"line":6,"column":21},"end":{"line":6,"column":22}},{"start":{"line":6,"column":25},"end":{"line":6,"column":49}}],"line":6}},"s":{"0":3,"1":0},"f":{"0":3,"1":0},"b":{"0":[0,0]},"_coverageSchema":"1a1c01bbd47fc00a2c39e90264f33305004495a9","hash":"a2da8ff3ede1210a7534522b8548cdcc16a8dfea"}
}
